[2021-04-24 19:51:43] local.ERROR: Command "ui" is not defined. {"exception":"[object] (Symfony\\Component\\Console\\Exception\\CommandNotFoundException(code: 0): Command \"ui\" is not defined. at D:\\OpenServer\\domains\\systems.abbas.kz\\vendor\\symfony\\console\\Application.php:675)
[stacktrace]
#0 D:\\OpenServer\\domains\\systems.abbas.kz\\vendor\\symfony\\console\\Application.php(254): Symfony\\Component\\Console\\Application->find()
#1 D:\\OpenServer\\domains\\systems.abbas.kz\\vendor\\symfony\\console\\Application.php(166): Symfony\\Component\\Console\\Application->doRun()
#2 D:\\OpenServer\\domains\\systems.abbas.kz\\vendor\\laravel\\framework\\src\\Illuminate\\Console\\Application.php(92): Symfony\\Component\\Console\\Application->run()
#3 D:\\OpenServer\\domains\\systems.abbas.kz\\vendor\\laravel\\framework\\src\\Illuminate\\Foundation\\Console\\Kernel.php(129): Illuminate\\Console\\Application->run()
#4 D:\\OpenServer\\domains\\systems.abbas.kz\\artisan(37): Illuminate\\Foundation\\Console\\Kernel->handle()
#5 {main}
"} 
[2021-04-25 19:29:37] local.ERROR: SQLSTATE[42S02]: Base table or view not found: 1146 Table 'systems.abbas.kz.roles' doesn't exist (SQL: select exists(select * from `roles` inner join `user_roles` on `roles`.`id` = `user_roles`.`role_id` where `user_roles`.`user_id` = 1 and `name` = admin) as `exists`) {"userId":1,"exception":"[object] (Illuminate\\Database\\QueryException(code: 42S02): SQLSTATE[42S02]: Base table or view not found: 1146 Table 'systems.abbas.kz.roles' doesn't exist (SQL: select exists(select * from `roles` inner join `user_roles` on `roles`.`id` = `user_roles`.`role_id` where `user_roles`.`user_id` = 1 and `name` = admin) as `exists`) at D:\\OpenServer\\domains\\systems.abbas.kz\\vendor\\laravel\\framework\\src\\Illuminate\\Database\\Connection.php:678)
[stacktrace]
#0 D:\\OpenServer\\domains\\systems.abbas.kz\\vendor\\laravel\\framework\\src\\Illuminate\\Database\\Connection.php(638): Illuminate\\Database\\Connection->runQueryCallback()
#1 D:\\OpenServer\\domains\\systems.abbas.kz\\vendor\\laravel\\framework\\src\\Illuminate\\Database\\Connection.php(346): Illuminate\\Database\\Connection->run()
#2 D:\\OpenServer\\domains\\systems.abbas.kz\\vendor\\laravel\\framework\\src\\Illuminate\\Database\\Query\\Builder.php(2596): Illuminate\\Database\\Connection->select()
#3 D:\\OpenServer\\domains\\systems.abbas.kz\\vendor\\laravel\\framework\\src\\Illuminate\\Database\\Eloquent\\Builder.php(1547): Illuminate\\Database\\Query\\Builder->exists()
#4 D:\\OpenServer\\domains\\systems.abbas.kz\\vendor\\laravel\\framework\\src\\Illuminate\\Support\\Traits\\ForwardsCalls.php(23): Illuminate\\Database\\Eloquent\\Builder->__call()
#5 D:\\OpenServer\\domains\\systems.abbas.kz\\vendor\\laravel\\framework\\src\\Illuminate\\Database\\Eloquent\\Relations\\Relation.php(429): Illuminate\\Database\\Eloquent\\Relations\\Relation->forwardCallTo()
#6 D:\\OpenServer\\domains\\systems.abbas.kz\\app\\Models\\User.php(51): Illuminate\\Database\\Eloquent\\Relations\\Relation->__call()
#7 D:\\OpenServer\\domains\\systems.abbas.kz\\app\\Http\\Controllers\\HomeController.php(27): App\\Models\\User->isAdmin()
#8 D:\\OpenServer\\domains\\systems.abbas.kz\\vendor\\laravel\\framework\\src\\Illuminate\\Routing\\Controller.php(54): App\\Http\\Controllers\\HomeController->index()
#9 D:\\OpenServer\\domains\\systems.abbas.kz\\vendor\\laravel\\framework\\src\\Illuminate\\Routing\\ControllerDispatcher.php(45): Illuminate\\Routing\\Controller->callAction()
#10 D:\\OpenServer\\domains\\systems.abbas.kz\\vendor\\laravel\\framework\\src\\Illuminate\\Routing\\Route.php(254): Illuminate\\Routing\\ControllerDispatcher->dispatch()
#11 D:\\OpenServer\\domains\\systems.abbas.kz\\vendor\\laravel\\framework\\src\\Illuminate\\Routing\\Route.php(197): Illuminate\\Routing\\Route->runController()
#12 D:\\OpenServer\\domains\\systems.abbas.kz\\vendor\\laravel\\framework\\src\\Illuminate\\Routing\\Router.php(695): Illuminate\\Routing\\Route->run()
#13 D:\\OpenServer\\domains\\systems.abbas.kz\\vendor\\laravel\\framework\\src\\Illuminate\\Pipeline\\Pipeline.php(128): Illuminate\\Routing\\Router->Illuminate\\Routing\\{closure}()
#14 D:\\OpenServer\\domains\\systems.abbas.kz\\vendor\\laravel\\framework\\src\\Illuminate\\Routing\\Middleware\\SubstituteBindings.php(50): Illuminate\\Pipeline\\Pipeline->Illuminate\\Pipeline\\{closure}()
#15 D:\\OpenServer\\domains\\systems.abbas.kz\\vendor\\laravel\\framework\\src\\Illuminate\\Pipeline\\Pipeline.php(167): Illuminate\\Routing\\Middleware\\SubstituteBindings->handle()
#16 D:\\OpenServer\\domains\\systems.abbas.kz\\vendor\\laravel\\framework\\src\\Illuminate\\Auth\\Middleware\\Authenticate.php(44): Illuminate\\Pipeline\\Pipeline->Illuminate\\Pipeline\\{closure}()
#17 D:\\OpenServer\\domains\\systems.abbas.kz\\vendor\\laravel\\framework\\src\\Illuminate\\Pipeline\\Pipeline.php(167): Illuminate\\Auth\\Middleware\\Authenticate->handle()
#18 D:\\OpenServer\\domains\\systems.abbas.kz\\vendor\\laravel\\framework\\src\\Illuminate\\Foundation\\Http\\Middleware\\VerifyCsrfToken.php(78): Illuminate\\Pipeline\\Pipeline->Illuminate\\Pipeline\\{closure}()
#19 D:\\OpenServer\\domains\\systems.abbas.kz\\vendor\\laravel\\framework\\src\\Illuminate\\Pipeline\\Pipeline.php(167): Illuminate\\Foundation\\Http\\Middleware\\VerifyCsrfToken->handle()
#20 D:\\OpenServer\\domains\\systems.abbas.kz\\vendor\\laravel\\framework\\src\\Illuminate\\View\\Middleware\\ShareErrorsFromSession.php(49): Illuminate\\Pipeline\\Pipeline->Illuminate\\Pipeline\\{closure}()
#21 D:\\OpenServer\\domains\\systems.abbas.kz\\vendor\\laravel\\framework\\src\\Illuminate\\Pipeline\\Pipeline.php(167): Illuminate\\View\\Middleware\\ShareErrorsFromSession->handle()
#22 D:\\OpenServer\\domains\\systems.abbas.kz\\vendor\\laravel\\framework\\src\\Illuminate\\Session\\Middleware\\StartSession.php(121): Illuminate\\Pipeline\\Pipeline->Illuminate\\Pipeline\\{closure}()
#23 D:\\OpenServer\\domains\\systems.abbas.kz\\vendor\\laravel\\framework\\src\\Illuminate\\Session\\Middleware\\StartSession.php(64): Illuminate\\Session\\Middleware\\StartSession->handleStatefulRequest()
#24 D:\\OpenServer\\domains\\systems.abbas.kz\\vendor\\laravel\\framework\\src\\Illuminate\\Pipeline\\Pipeline.php(167): Illuminate\\Session\\Middleware\\StartSession->handle()
#25 D:\\OpenServer\\domains\\systems.abbas.kz\\vendor\\laravel\\framework\\src\\Illuminate\\Cookie\\Middleware\\AddQueuedCookiesToResponse.php(37): Illuminate\\Pipeline\\Pipeline->Illuminate\\Pipeline\\{closure}()
#26 D:\\OpenServer\\domains\\systems.abbas.kz\\vendor\\laravel\\framework\\src\\Illuminate\\Pipeline\\Pipeline.php(167): Illuminate\\Cookie\\Middleware\\AddQueuedCookiesToResponse->handle()
#27 D:\\OpenServer\\domains\\systems.abbas.kz\\vendor\\laravel\\framework\\src\\Illuminate\\Cookie\\Middleware\\EncryptCookies.php(67): Illuminate\\Pipeline\\Pipeline->Illuminate\\Pipeline\\{closure}()
#28 D:\\OpenServer\\domains\\systems.abbas.kz\\vendor\\laravel\\framework\\src\\Illuminate\\Pipeline\\Pipeline.php(167): Illuminate\\Cookie\\Middleware\\EncryptCookies->handle()
#29 D:\\OpenServer\\domains\\systems.abbas.kz\\vendor\\laravel\\framework\\src\\Illuminate\\Pipeline\\Pipeline.php(103): Illuminate\\Pipeline\\Pipeline->Illuminate\\Pipeline\\{closure}()
#30 D:\\OpenServer\\domains\\systems.abbas.kz\\vendor\\laravel\\framework\\src\\Illuminate\\Routing\\Router.php(697): Illuminate\\Pipeline\\Pipeline->then()
#31 D:\\OpenServer\\domains\\systems.abbas.kz\\vendor\\laravel\\framework\\src\\Illuminate\\Routing\\Router.php(672): Illuminate\\Routing\\Router->runRouteWithinStack()
#32 D:\\OpenServer\\domains\\systems.abbas.kz\\vendor\\laravel\\framework\\src\\Illuminate\\Routing\\Router.php(636): Illuminate\\Routing\\Router->runRoute()
#33 D:\\OpenServer\\domains\\systems.abbas.kz\\vendor\\laravel\\framework\\src\\Illuminate\\Routing\\Router.php(625): Illuminate\\Routing\\Router->dispatchToRoute()
#34 D:\\OpenServer\\domains\\systems.abbas.kz\\vendor\\laravel\\framework\\src\\Illuminate\\Foundation\\Http\\Kernel.php(166): Illuminate\\Routing\\Router->dispatch()
#35 D:\\OpenServer\\domains\\systems.abbas.kz\\vendor\\laravel\\framework\\src\\Illuminate\\Pipeline\\Pipeline.php(128): Illuminate\\Foundation\\Http\\Kernel->Illuminate\\Foundation\\Http\\{closure}()
#36 D:\\OpenServer\\domains\\systems.abbas.kz\\vendor\\laravel\\framework\\src\\Illuminate\\Foundation\\Http\\Middleware\\TransformsRequest.php(21): Illuminate\\Pipeline\\Pipeline->Illuminate\\Pipeline\\{closure}()
#37 D:\\OpenServer\\domains\\systems.abbas.kz\\vendor\\laravel\\framework\\src\\Illuminate\\Foundation\\Http\\Middleware\\ConvertEmptyStringsToNull.php(31): Illuminate\\Foundation\\Http\\Middleware\\TransformsRequest->handle()
#38 D:\\OpenServer\\domains\\systems.abbas.kz\\vendor\\laravel\\framework\\src\\Illuminate\\Pipeline\\Pipeline.php(167): Illuminate\\Foundation\\Http\\Middleware\\ConvertEmptyStringsToNull->handle()
#39 D:\\OpenServer\\domains\\systems.abbas.kz\\vendor\\laravel\\framework\\src\\Illuminate\\Foundation\\Http\\Middleware\\TransformsRequest.php(21): Illuminate\\Pipeline\\Pipeline->Illuminate\\Pipeline\\{closure}()
#40 D:\\OpenServer\\domains\\systems.abbas.kz\\vendor\\laravel\\framework\\src\\Illuminate\\Foundation\\Http\\Middleware\\TrimStrings.php(40): Illuminate\\Foundation\\Http\\Middleware\\TransformsRequest->handle()
#41 D:\\OpenServer\\domains\\systems.abbas.kz\\vendor\\laravel\\framework\\src\\Illuminate\\Pipeline\\Pipeline.php(167): Illuminate\\Foundation\\Http\\Middleware\\TrimStrings->handle()
#42 D:\\OpenServer\\domains\\systems.abbas.kz\\vendor\\laravel\\framework\\src\\Illuminate\\Foundation\\Http\\Middleware\\ValidatePostSize.php(27): Illuminate\\Pipeline\\Pipeline->Illuminate\\Pipeline\\{closure}()
#43 D:\\OpenServer\\domains\\systems.abbas.kz\\vendor\\laravel\\framework\\src\\Illuminate\\Pipeline\\Pipeline.php(167): Illuminate\\Foundation\\Http\\Middleware\\ValidatePostSize->handle()
#44 D:\\OpenServer\\domains\\systems.abbas.kz\\vendor\\laravel\\framework\\src\\Illuminate\\Foundation\\Http\\Middleware\\PreventRequestsDuringMaintenance.php(86): Illuminate\\Pipeline\\Pipeline->Illuminate\\Pipeline\\{closure}()
#45 D:\\OpenServer\\domains\\systems.abbas.kz\\vendor\\laravel\\framework\\src\\Illuminate\\Pipeline\\Pipeline.php(167): Illuminate\\Foundation\\Http\\Middleware\\PreventRequestsDuringMaintenance->handle()
#46 D:\\OpenServer\\domains\\systems.abbas.kz\\vendor\\fruitcake\\laravel-cors\\src\\HandleCors.php(37): Illuminate\\Pipeline\\Pipeline->Illuminate\\Pipeline\\{closure}()
#47 D:\\OpenServer\\domains\\systems.abbas.kz\\vendor\\laravel\\framework\\src\\Illuminate\\Pipeline\\Pipeline.php(167): Fruitcake\\Cors\\HandleCors->handle()
#48 D:\\OpenServer\\domains\\systems.abbas.kz\\vendor\\fideloper\\proxy\\src\\TrustProxies.php(57): Illuminate\\Pipeline\\Pipeline->Illuminate\\Pipeline\\{closure}()
#49 D:\\OpenServer\\domains\\systems.abbas.kz\\vendor\\laravel\\framework\\src\\Illuminate\\Pipeline\\Pipeline.php(167): Fideloper\\Proxy\\TrustProxies->handle()
#50 D:\\OpenServer\\domains\\systems.abbas.kz\\vendor\\laravel\\framework\\src\\Illuminate\\Pipeline\\Pipeline.php(103): Illuminate\\Pipeline\\Pipeline->Illuminate\\Pipeline\\{closure}()
#51 D:\\OpenServer\\domains\\systems.abbas.kz\\vendor\\laravel\\framework\\src\\Illuminate\\Foundation\\Http\\Kernel.php(141): Illuminate\\Pipeline\\Pipeline->then()
#52 D:\\OpenServer\\domains\\systems.abbas.kz\\vendor\\laravel\\framework\\src\\Illuminate\\Foundation\\Http\\Kernel.php(110): Illuminate\\Foundation\\Http\\Kernel->sendRequestThroughRouter()
#53 D:\\OpenServer\\domains\\systems.abbas.kz\\public\\index.php(52): Illuminate\\Foundation\\Http\\Kernel->handle()
#54 D:\\OpenServer\\domains\\systems.abbas.kz\\server.php(21): require_once('D:\\\\OpenServer\\\\d...')
#55 {main}

[previous exception] [object] (PDOException(code: 42S02): SQLSTATE[42S02]: Base table or view not found: 1146 Table 'systems.abbas.kz.roles' doesn't exist at D:\\OpenServer\\domains\\systems.abbas.kz\\vendor\\laravel\\framework\\src\\Illuminate\\Database\\Connection.php:338)
[stacktrace]
#0 D:\\OpenServer\\domains\\systems.abbas.kz\\vendor\\laravel\\framework\\src\\Illuminate\\Database\\Connection.php(338): PDO->prepare()
#1 D:\\OpenServer\\domains\\systems.abbas.kz\\vendor\\laravel\\framework\\src\\Illuminate\\Database\\Connection.php(671): Illuminate\\Database\\Connection->Illuminate\\Database\\{closure}()
#2 D:\\OpenServer\\domains\\systems.abbas.kz\\vendor\\laravel\\framework\\src\\Illuminate\\Database\\Connection.php(638): Illuminate\\Database\\Connection->runQueryCallback()
#3 D:\\OpenServer\\domains\\systems.abbas.kz\\vendor\\laravel\\framework\\src\\Illuminate\\Database\\Connection.php(346): Illuminate\\Database\\Connection->run()
#4 D:\\OpenServer\\domains\\systems.abbas.kz\\vendor\\laravel\\framework\\src\\Illuminate\\Database\\Query\\Builder.php(2596): Illuminate\\Database\\Connection->select()
#5 D:\\OpenServer\\domains\\systems.abbas.kz\\vendor\\laravel\\framework\\src\\Illuminate\\Database\\Eloquent\\Builder.php(1547): Illuminate\\Database\\Query\\Builder->exists()
#6 D:\\OpenServer\\domains\\systems.abbas.kz\\vendor\\laravel\\framework\\src\\Illuminate\\Support\\Traits\\ForwardsCalls.php(23): Illuminate\\Database\\Eloquent\\Builder->__call()
#7 D:\\OpenServer\\domains\\systems.abbas.kz\\vendor\\laravel\\framework\\src\\Illuminate\\Database\\Eloquent\\Relations\\Relation.php(429): Illuminate\\Database\\Eloquent\\Relations\\Relation->forwardCallTo()
#8 D:\\OpenServer\\domains\\systems.abbas.kz\\app\\Models\\User.php(51): Illuminate\\Database\\Eloquent\\Relations\\Relation->__call()
#9 D:\\OpenServer\\domains\\systems.abbas.kz\\app\\Http\\Controllers\\HomeController.php(27): App\\Models\\User->isAdmin()
#10 D:\\OpenServer\\domains\\systems.abbas.kz\\vendor\\laravel\\framework\\src\\Illuminate\\Routing\\Controller.php(54): App\\Http\\Controllers\\HomeController->index()
#11 D:\\OpenServer\\domains\\systems.abbas.kz\\vendor\\laravel\\framework\\src\\Illuminate\\Routing\\ControllerDispatcher.php(45): Illuminate\\Routing\\Controller->callAction()
#12 D:\\OpenServer\\domains\\systems.abbas.kz\\vendor\\laravel\\framework\\src\\Illuminate\\Routing\\Route.php(254): Illuminate\\Routing\\ControllerDispatcher->dispatch()
#13 D:\\OpenServer\\domains\\systems.abbas.kz\\vendor\\laravel\\framework\\src\\Illuminate\\Routing\\Route.php(197): Illuminate\\Routing\\Route->runController()
#14 D:\\OpenServer\\domains\\systems.abbas.kz\\vendor\\laravel\\framework\\src\\Illuminate\\Routing\\Router.php(695): Illuminate\\Routing\\Route->run()
#15 D:\\OpenServer\\domains\\systems.abbas.kz\\vendor\\laravel\\framework\\src\\Illuminate\\Pipeline\\Pipeline.php(128): Illuminate\\Routing\\Router->Illuminate\\Routing\\{closure}()
#16 D:\\OpenServer\\domains\\systems.abbas.kz\\vendor\\laravel\\framework\\src\\Illuminate\\Routing\\Middleware\\SubstituteBindings.php(50): Illuminate\\Pipeline\\Pipeline->Illuminate\\Pipeline\\{closure}()
#17 D:\\OpenServer\\domains\\systems.abbas.kz\\vendor\\laravel\\framework\\src\\Illuminate\\Pipeline\\Pipeline.php(167): Illuminate\\Routing\\Middleware\\SubstituteBindings->handle()
#18 D:\\OpenServer\\domains\\systems.abbas.kz\\vendor\\laravel\\framework\\src\\Illuminate\\Auth\\Middleware\\Authenticate.php(44): Illuminate\\Pipeline\\Pipeline->Illuminate\\Pipeline\\{closure}()
#19 D:\\OpenServer\\domains\\systems.abbas.kz\\vendor\\laravel\\framework\\src\\Illuminate\\Pipeline\\Pipeline.php(167): Illuminate\\Auth\\Middleware\\Authenticate->handle()
#20 D:\\OpenServer\\domains\\systems.abbas.kz\\vendor\\laravel\\framework\\src\\Illuminate\\Foundation\\Http\\Middleware\\VerifyCsrfToken.php(78): Illuminate\\Pipeline\\Pipeline->Illuminate\\Pipeline\\{closure}()
#21 D:\\OpenServer\\domains\\systems.abbas.kz\\vendor\\laravel\\framework\\src\\Illuminate\\Pipeline\\Pipeline.php(167): Illuminate\\Foundation\\Http\\Middleware\\VerifyCsrfToken->handle()
#22 D:\\OpenServer\\domains\\systems.abbas.kz\\vendor\\laravel\\framework\\src\\Illuminate\\View\\Middleware\\ShareErrorsFromSession.php(49): Illuminate\\Pipeline\\Pipeline->Illuminate\\Pipeline\\{closure}()
#23 D:\\OpenServer\\domains\\systems.abbas.kz\\vendor\\laravel\\framework\\src\\Illuminate\\Pipeline\\Pipeline.php(167): Illuminate\\View\\Middleware\\ShareErrorsFromSession->handle()
#24 D:\\OpenServer\\domains\\systems.abbas.kz\\vendor\\laravel\\framework\\src\\Illuminate\\Session\\Middleware\\StartSession.php(121): Illuminate\\Pipeline\\Pipeline->Illuminate\\Pipeline\\{closure}()
#25 D:\\OpenServer\\domains\\systems.abbas.kz\\vendor\\laravel\\framework\\src\\Illuminate\\Session\\Middleware\\StartSession.php(64): Illuminate\\Session\\Middleware\\StartSession->handleStatefulRequest()
#26 D:\\OpenServer\\domains\\systems.abbas.kz\\vendor\\laravel\\framework\\src\\Illuminate\\Pipeline\\Pipeline.php(167): Illuminate\\Session\\Middleware\\StartSession->handle()
#27 D:\\OpenServer\\domains\\systems.abbas.kz\\vendor\\laravel\\framework\\src\\Illuminate\\Cookie\\Middleware\\AddQueuedCookiesToResponse.php(37): Illuminate\\Pipeline\\Pipeline->Illuminate\\Pipeline\\{closure}()
#28 D:\\OpenServer\\domains\\systems.abbas.kz\\vendor\\laravel\\framework\\src\\Illuminate\\Pipeline\\Pipeline.php(167): Illuminate\\Cookie\\Middleware\\AddQueuedCookiesToResponse->handle()
#29 D:\\OpenServer\\domains\\systems.abbas.kz\\vendor\\laravel\\framework\\src\\Illuminate\\Cookie\\Middleware\\EncryptCookies.php(67): Illuminate\\Pipeline\\Pipeline->Illuminate\\Pipeline\\{closure}()
#30 D:\\OpenServer\\domains\\systems.abbas.kz\\vendor\\laravel\\framework\\src\\Illuminate\\Pipeline\\Pipeline.php(167): Illuminate\\Cookie\\Middleware\\EncryptCookies->handle()
#31 D:\\OpenServer\\domains\\systems.abbas.kz\\vendor\\laravel\\framework\\src\\Illuminate\\Pipeline\\Pipeline.php(103): Illuminate\\Pipeline\\Pipeline->Illuminate\\Pipeline\\{closure}()
#32 D:\\OpenServer\\domains\\systems.abbas.kz\\vendor\\laravel\\framework\\src\\Illuminate\\Routing\\Router.php(697): Illuminate\\Pipeline\\Pipeline->then()
#33 D:\\OpenServer\\domains\\systems.abbas.kz\\vendor\\laravel\\framework\\src\\Illuminate\\Routing\\Router.php(672): Illuminate\\Routing\\Router->runRouteWithinStack()
#34 D:\\OpenServer\\domains\\systems.abbas.kz\\vendor\\laravel\\framework\\src\\Illuminate\\Routing\\Router.php(636): Illuminate\\Routing\\Router->runRoute()
#35 D:\\OpenServer\\domains\\systems.abbas.kz\\vendor\\laravel\\framework\\src\\Illuminate\\Routing\\Router.php(625): Illuminate\\Routing\\Router->dispatchToRoute()
#36 D:\\OpenServer\\domains\\systems.abbas.kz\\vendor\\laravel\\framework\\src\\Illuminate\\Foundation\\Http\\Kernel.php(166): Illuminate\\Routing\\Router->dispatch()
#37 D:\\OpenServer\\domains\\systems.abbas.kz\\vendor\\laravel\\framework\\src\\Illuminate\\Pipeline\\Pipeline.php(128): Illuminate\\Foundation\\Http\\Kernel->Illuminate\\Foundation\\Http\\{closure}()
#38 D:\\OpenServer\\domains\\systems.abbas.kz\\vendor\\laravel\\framework\\src\\Illuminate\\Foundation\\Http\\Middleware\\TransformsRequest.php(21): Illuminate\\Pipeline\\Pipeline->Illuminate\\Pipeline\\{closure}()
#39 D:\\OpenServer\\domains\\systems.abbas.kz\\vendor\\laravel\\framework\\src\\Illuminate\\Foundation\\Http\\Middleware\\ConvertEmptyStringsToNull.php(31): Illuminate\\Foundation\\Http\\Middleware\\TransformsRequest->handle()
#40 D:\\OpenServer\\domains\\systems.abbas.kz\\vendor\\laravel\\framework\\src\\Illuminate\\Pipeline\\Pipeline.php(167): Illuminate\\Foundation\\Http\\Middleware\\ConvertEmptyStringsToNull->handle()
#41 D:\\OpenServer\\domains\\systems.abbas.kz\\vendor\\laravel\\framework\\src\\Illuminate\\Foundation\\Http\\Middleware\\TransformsRequest.php(21): Illuminate\\Pipeline\\Pipeline->Illuminate\\Pipeline\\{closure}()
#42 D:\\OpenServer\\domains\\systems.abbas.kz\\vendor\\laravel\\framework\\src\\Illuminate\\Foundation\\Http\\Middleware\\TrimStrings.php(40): Illuminate\\Foundation\\Http\\Middleware\\TransformsRequest->handle()
#43 D:\\OpenServer\\domains\\systems.abbas.kz\\vendor\\laravel\\framework\\src\\Illuminate\\Pipeline\\Pipeline.php(167): Illuminate\\Foundation\\Http\\Middleware\\TrimStrings->handle()
#44 D:\\OpenServer\\domains\\systems.abbas.kz\\vendor\\laravel\\framework\\src\\Illuminate\\Foundation\\Http\\Middleware\\ValidatePostSize.php(27): Illuminate\\Pipeline\\Pipeline->Illuminate\\Pipeline\\{closure}()
#45 D:\\OpenServer\\domains\\systems.abbas.kz\\vendor\\laravel\\framework\\src\\Illuminate\\Pipeline\\Pipeline.php(167): Illuminate\\Foundation\\Http\\Middleware\\ValidatePostSize->handle()
#46 D:\\OpenServer\\domains\\systems.abbas.kz\\vendor\\laravel\\framework\\src\\Illuminate\\Foundation\\Http\\Middleware\\PreventRequestsDuringMaintenance.php(86): Illuminate\\Pipeline\\Pipeline->Illuminate\\Pipeline\\{closure}()
#47 D:\\OpenServer\\domains\\systems.abbas.kz\\vendor\\laravel\\framework\\src\\Illuminate\\Pipeline\\Pipeline.php(167): Illuminate\\Foundation\\Http\\Middleware\\PreventRequestsDuringMaintenance->handle()
#48 D:\\OpenServer\\domains\\systems.abbas.kz\\vendor\\fruitcake\\laravel-cors\\src\\HandleCors.php(37): Illuminate\\Pipeline\\Pipeline->Illuminate\\Pipeline\\{closure}()
#49 D:\\OpenServer\\domains\\systems.abbas.kz\\vendor\\laravel\\framework\\src\\Illuminate\\Pipeline\\Pipeline.php(167): Fruitcake\\Cors\\HandleCors->handle()
#50 D:\\OpenServer\\domains\\systems.abbas.kz\\vendor\\fideloper\\proxy\\src\\TrustProxies.php(57): Illuminate\\Pipeline\\Pipeline->Illuminate\\Pipeline\\{closure}()
#51 D:\\OpenServer\\domains\\systems.abbas.kz\\vendor\\laravel\\framework\\src\\Illuminate\\Pipeline\\Pipeline.php(167): Fideloper\\Proxy\\TrustProxies->handle()
#52 D:\\OpenServer\\domains\\systems.abbas.kz\\vendor\\laravel\\framework\\src\\Illuminate\\Pipeline\\Pipeline.php(103): Illuminate\\Pipeline\\Pipeline->Illuminate\\Pipeline\\{closure}()
#53 D:\\OpenServer\\domains\\systems.abbas.kz\\vendor\\laravel\\framework\\src\\Illuminate\\Foundation\\Http\\Kernel.php(141): Illuminate\\Pipeline\\Pipeline->then()
#54 D:\\OpenServer\\domains\\systems.abbas.kz\\vendor\\laravel\\framework\\src\\Illuminate\\Foundation\\Http\\Kernel.php(110): Illuminate\\Foundation\\Http\\Kernel->sendRequestThroughRouter()
#55 D:\\OpenServer\\domains\\systems.abbas.kz\\public\\index.php(52): Illuminate\\Foundation\\Http\\Kernel->handle()
#56 D:\\OpenServer\\domains\\systems.abbas.kz\\server.php(21): require_once('D:\\\\OpenServer\\\\d...')
#57 {main}
"} 
[2021-04-25 19:48:15] local.ERROR: SQLSTATE[23000]: Integrity constraint violation: 1062 Duplicate entry '1' for key 'PRIMARY' (SQL: insert into `users` (`email`, `id`, `name`, `password`) values (nurzhanduisenbaev400@gmail.com, 0, Nurzhan0, $2y$10$G2Cy219nW230YDqJY2UCIuw4CVvEA//iOiKXZIBoOPy8pSXktZj3y), (nurzhanduisenbaev410@gmail.com, 1, Nurzhan1, $2y$10$b.lxuJzoSBxaYkQcGvSCLeUVCSnF2MFfnkUs1emKFSWKepwOnHa0q), (nurzhanduisenbaev420@gmail.com, 2, Nurzhan2, $2y$10$WhnT9sw6fK1nCtWpzI9BGeDPpf5Kkgl9GTqXSvWQbO23L5O14V0jK), (nurzhanduisenbaev430@gmail.com, 3, Nurzhan3, $2y$10$5rnZt.RYMhiXVvG60/VsO.Wkvq8xSTjH5eHZDV3ibBXDxmJ0uKSU6), (nurzhanduisenbaev440@gmail.com, 4, Nurzhan4, $2y$10$1H88vpBoTAmUZA42UwUJr.RAMAyyEIL5oR68oRmbDSuVhdwbfEJcC)) {"exception":"[object] (Illuminate\\Database\\QueryException(code: 23000): SQLSTATE[23000]: Integrity constraint violation: 1062 Duplicate entry '1' for key 'PRIMARY' (SQL: insert into `users` (`email`, `id`, `name`, `password`) values (nurzhanduisenbaev400@gmail.com, 0, Nurzhan0, $2y$10$G2Cy219nW230YDqJY2UCIuw4CVvEA//iOiKXZIBoOPy8pSXktZj3y), (nurzhanduisenbaev410@gmail.com, 1, Nurzhan1, $2y$10$b.lxuJzoSBxaYkQcGvSCLeUVCSnF2MFfnkUs1emKFSWKepwOnHa0q), (nurzhanduisenbaev420@gmail.com, 2, Nurzhan2, $2y$10$WhnT9sw6fK1nCtWpzI9BGeDPpf5Kkgl9GTqXSvWQbO23L5O14V0jK), (nurzhanduisenbaev430@gmail.com, 3, Nurzhan3, $2y$10$5rnZt.RYMhiXVvG60/VsO.Wkvq8xSTjH5eHZDV3ibBXDxmJ0uKSU6), (nurzhanduisenbaev440@gmail.com, 4, Nurzhan4, $2y$10$1H88vpBoTAmUZA42UwUJr.RAMAyyEIL5oR68oRmbDSuVhdwbfEJcC)) at D:\\OpenServer\\domains\\systems.abbas.kz\\vendor\\laravel\\framework\\src\\Illuminate\\Database\\Connection.php:678)
[stacktrace]
#0 D:\\OpenServer\\domains\\systems.abbas.kz\\vendor\\laravel\\framework\\src\\Illuminate\\Database\\Connection.php(638): Illuminate\\Database\\Connection->runQueryCallback()
#1 D:\\OpenServer\\domains\\systems.abbas.kz\\vendor\\laravel\\framework\\src\\Illuminate\\Database\\Connection.php(472): Illuminate\\Database\\Connection->run()
#2 D:\\OpenServer\\domains\\systems.abbas.kz\\vendor\\laravel\\framework\\src\\Illuminate\\Database\\Connection.php(424): Illuminate\\Database\\Connection->statement()
#3 D:\\OpenServer\\domains\\systems.abbas.kz\\vendor\\laravel\\framework\\src\\Illuminate\\Database\\Query\\Builder.php(2838): Illuminate\\Database\\Connection->insert()
#4 D:\\OpenServer\\domains\\systems.abbas.kz\\database\\seeders\\UserSeeder.php(29): Illuminate\\Database\\Query\\Builder->insert()
#5 D:\\OpenServer\\domains\\systems.abbas.kz\\vendor\\laravel\\framework\\src\\Illuminate\\Container\\BoundMethod.php(36): Database\\Seeders\\UserSeeder->run()
#6 D:\\OpenServer\\domains\\systems.abbas.kz\\vendor\\laravel\\framework\\src\\Illuminate\\Container\\Util.php(40): Illuminate\\Container\\BoundMethod::Illuminate\\Container\\{closure}()
#7 D:\\OpenServer\\domains\\systems.abbas.kz\\vendor\\laravel\\framework\\src\\Illuminate\\Container\\BoundMethod.php(93): Illuminate\\Container\\Util::unwrapIfClosure()
#8 D:\\OpenServer\\domains\\systems.abbas.kz\\vendor\\laravel\\framework\\src\\Illuminate\\Container\\BoundMethod.php(37): Illuminate\\Container\\BoundMethod::callBoundMethod()
#9 D:\\OpenServer\\domains\\systems.abbas.kz\\vendor\\laravel\\framework\\src\\Illuminate\\Container\\Container.php(611): Illuminate\\Container\\BoundMethod::call()
#10 D:\\OpenServer\\domains\\systems.abbas.kz\\vendor\\laravel\\framework\\src\\Illuminate\\Database\\Seeder.php(149): Illuminate\\Container\\Container->call()
#11 D:\\OpenServer\\domains\\systems.abbas.kz\\vendor\\laravel\\framework\\src\\Illuminate\\Database\\Seeder.php(49): Illuminate\\Database\\Seeder->__invoke()
#12 D:\\OpenServer\\domains\\systems.abbas.kz\\database\\seeders\\DatabaseSeeder.php(18): Illuminate\\Database\\Seeder->call()
#13 D:\\OpenServer\\domains\\systems.abbas.kz\\vendor\\laravel\\framework\\src\\Illuminate\\Container\\BoundMethod.php(36): Database\\Seeders\\DatabaseSeeder->run()
#14 D:\\OpenServer\\domains\\systems.abbas.kz\\vendor\\laravel\\framework\\src\\Illuminate\\Container\\Util.php(40): Illuminate\\Container\\BoundMethod::Illuminate\\Container\\{closure}()
#15 D:\\OpenServer\\domains\\systems.abbas.kz\\vendor\\laravel\\framework\\src\\Illuminate\\Container\\BoundMethod.php(93): Illuminate\\Container\\Util::unwrapIfClosure()
#16 D:\\OpenServer\\domains\\systems.abbas.kz\\vendor\\laravel\\framework\\src\\Illuminate\\Container\\BoundMethod.php(37): Illuminate\\Container\\BoundMethod::callBoundMethod()
#17 D:\\OpenServer\\domains\\systems.abbas.kz\\vendor\\laravel\\framework\\src\\Illuminate\\Container\\Container.php(611): Illuminate\\Container\\BoundMethod::call()
#18 D:\\OpenServer\\domains\\systems.abbas.kz\\vendor\\laravel\\framework\\src\\Illuminate\\Database\\Seeder.php(149): Illuminate\\Container\\Container->call()
#19 D:\\OpenServer\\domains\\systems.abbas.kz\\vendor\\laravel\\framework\\src\\Illuminate\\Database\\Console\\Seeds\\SeedCommand.php(66): Illuminate\\Database\\Seeder->__invoke()
#20 D:\\OpenServer\\domains\\systems.abbas.kz\\vendor\\laravel\\framework\\src\\Illuminate\\Database\\Eloquent\\Concerns\\GuardsAttributes.php(157): Illuminate\\Database\\Console\\Seeds\\SeedCommand->Illuminate\\Database\\Console\\Seeds\\{closure}()
#21 D:\\OpenServer\\domains\\systems.abbas.kz\\vendor\\laravel\\framework\\src\\Illuminate\\Database\\Console\\Seeds\\SeedCommand.php(67): Illuminate\\Database\\Eloquent\\Model::unguarded()
#22 D:\\OpenServer\\domains\\systems.abbas.kz\\vendor\\laravel\\framework\\src\\Illuminate\\Container\\BoundMethod.php(36): Illuminate\\Database\\Console\\Seeds\\SeedCommand->handle()
#23 D:\\OpenServer\\domains\\systems.abbas.kz\\vendor\\laravel\\framework\\src\\Illuminate\\Container\\Util.php(40): Illuminate\\Container\\BoundMethod::Illuminate\\Container\\{closure}()
#24 D:\\OpenServer\\domains\\systems.abbas.kz\\vendor\\laravel\\framework\\src\\Illuminate\\Container\\BoundMethod.php(93): Illuminate\\Container\\Util::unwrapIfClosure()
#25 D:\\OpenServer\\domains\\systems.abbas.kz\\vendor\\laravel\\framework\\src\\Illuminate\\Container\\BoundMethod.php(37): Illuminate\\Container\\BoundMethod::callBoundMethod()
#26 D:\\OpenServer\\domains\\systems.abbas.kz\\vendor\\laravel\\framework\\src\\Illuminate\\Container\\Container.php(611): Illuminate\\Container\\BoundMethod::call()
#27 D:\\OpenServer\\domains\\systems.abbas.kz\\vendor\\laravel\\framework\\src\\Illuminate\\Console\\Command.php(136): Illuminate\\Container\\Container->call()
#28 D:\\OpenServer\\domains\\systems.abbas.kz\\vendor\\symfony\\console\\Command\\Command.php(256): Illuminate\\Console\\Command->execute()
#29 D:\\OpenServer\\domains\\systems.abbas.kz\\vendor\\laravel\\framework\\src\\Illuminate\\Console\\Command.php(121): Symfony\\Component\\Console\\Command\\Command->run()
#30 D:\\OpenServer\\domains\\systems.abbas.kz\\vendor\\laravel\\framework\\src\\Illuminate\\Console\\Concerns\\CallsCommands.php(68): Illuminate\\Console\\Command->run()
#31 D:\\OpenServer\\domains\\systems.abbas.kz\\vendor\\laravel\\framework\\src\\Illuminate\\Console\\Concerns\\CallsCommands.php(28): Illuminate\\Console\\Command->runCommand()
#32 D:\\OpenServer\\domains\\systems.abbas.kz\\vendor\\laravel\\framework\\src\\Illuminate\\Database\\Console\\Migrations\\RefreshCommand.php(136): Illuminate\\Console\\Command->call()
#33 D:\\OpenServer\\domains\\systems.abbas.kz\\vendor\\laravel\\framework\\src\\Illuminate\\Database\\Console\\Migrations\\RefreshCommand.php(75): Illuminate\\Database\\Console\\Migrations\\RefreshCommand->runSeeder()
#34 D:\\OpenServer\\domains\\systems.abbas.kz\\vendor\\laravel\\framework\\src\\Illuminate\\Container\\BoundMethod.php(36): Illuminate\\Database\\Console\\Migrations\\RefreshCommand->handle()
#35 D:\\OpenServer\\domains\\systems.abbas.kz\\vendor\\laravel\\framework\\src\\Illuminate\\Container\\Util.php(40): Illuminate\\Container\\BoundMethod::Illuminate\\Container\\{closure}()
#36 D:\\OpenServer\\domains\\systems.abbas.kz\\vendor\\laravel\\framework\\src\\Illuminate\\Container\\BoundMethod.php(93): Illuminate\\Container\\Util::unwrapIfClosure()
#37 D:\\OpenServer\\domains\\systems.abbas.kz\\vendor\\laravel\\framework\\src\\Illuminate\\Container\\BoundMethod.php(37): Illuminate\\Container\\BoundMethod::callBoundMethod()
#38 D:\\OpenServer\\domains\\systems.abbas.kz\\vendor\\laravel\\framework\\src\\Illuminate\\Container\\Container.php(611): Illuminate\\Container\\BoundMethod::call()
#39 D:\\OpenServer\\domains\\systems.abbas.kz\\vendor\\laravel\\framework\\src\\Illuminate\\Console\\Command.php(136): Illuminate\\Container\\Container->call()
#40 D:\\OpenServer\\domains\\systems.abbas.kz\\vendor\\symfony\\console\\Command\\Command.php(256): Illuminate\\Console\\Command->execute()
#41 D:\\OpenServer\\domains\\systems.abbas.kz\\vendor\\laravel\\framework\\src\\Illuminate\\Console\\Command.php(121): Symfony\\Component\\Console\\Command\\Command->run()
#42 D:\\OpenServer\\domains\\systems.abbas.kz\\vendor\\symfony\\console\\Application.php(971): Illuminate\\Console\\Command->run()
#43 D:\\OpenServer\\domains\\systems.abbas.kz\\vendor\\symfony\\console\\Application.php(290): Symfony\\Component\\Console\\Application->doRunCommand()
#44 D:\\OpenServer\\domains\\systems.abbas.kz\\vendor\\symfony\\console\\Application.php(166): Symfony\\Component\\Console\\Application->doRun()
#45 D:\\OpenServer\\domains\\systems.abbas.kz\\vendor\\laravel\\framework\\src\\Illuminate\\Console\\Application.php(92): Symfony\\Component\\Console\\Application->run()
#46 D:\\OpenServer\\domains\\systems.abbas.kz\\vendor\\laravel\\framework\\src\\Illuminate\\Foundation\\Console\\Kernel.php(129): Illuminate\\Console\\Application->run()
#47 D:\\OpenServer\\domains\\systems.abbas.kz\\artisan(37): Illuminate\\Foundation\\Console\\Kernel->handle()
#48 {main}

[previous exception] [object] (PDOException(code: 23000): SQLSTATE[23000]: Integrity constraint violation: 1062 Duplicate entry '1' for key 'PRIMARY' at D:\\OpenServer\\domains\\systems.abbas.kz\\vendor\\laravel\\framework\\src\\Illuminate\\Database\\Connection.php:471)
[stacktrace]
#0 D:\\OpenServer\\domains\\systems.abbas.kz\\vendor\\laravel\\framework\\src\\Illuminate\\Database\\Connection.php(471): PDOStatement->execute()
#1 D:\\OpenServer\\domains\\systems.abbas.kz\\vendor\\laravel\\framework\\src\\Illuminate\\Database\\Connection.php(671): Illuminate\\Database\\Connection->Illuminate\\Database\\{closure}()
#2 D:\\OpenServer\\domains\\systems.abbas.kz\\vendor\\laravel\\framework\\src\\Illuminate\\Database\\Connection.php(638): Illuminate\\Database\\Connection->runQueryCallback()
#3 D:\\OpenServer\\domains\\systems.abbas.kz\\vendor\\laravel\\framework\\src\\Illuminate\\Database\\Connection.php(472): Illuminate\\Database\\Connection->run()
#4 D:\\OpenServer\\domains\\systems.abbas.kz\\vendor\\laravel\\framework\\src\\Illuminate\\Database\\Connection.php(424): Illuminate\\Database\\Connection->statement()
#5 D:\\OpenServer\\domains\\systems.abbas.kz\\vendor\\laravel\\framework\\src\\Illuminate\\Database\\Query\\Builder.php(2838): Illuminate\\Database\\Connection->insert()
#6 D:\\OpenServer\\domains\\systems.abbas.kz\\database\\seeders\\UserSeeder.php(29): Illuminate\\Database\\Query\\Builder->insert()
#7 D:\\OpenServer\\domains\\systems.abbas.kz\\vendor\\laravel\\framework\\src\\Illuminate\\Container\\BoundMethod.php(36): Database\\Seeders\\UserSeeder->run()
#8 D:\\OpenServer\\domains\\systems.abbas.kz\\vendor\\laravel\\framework\\src\\Illuminate\\Container\\Util.php(40): Illuminate\\Container\\BoundMethod::Illuminate\\Container\\{closure}()
#9 D:\\OpenServer\\domains\\systems.abbas.kz\\vendor\\laravel\\framework\\src\\Illuminate\\Container\\BoundMethod.php(93): Illuminate\\Container\\Util::unwrapIfClosure()
#10 D:\\OpenServer\\domains\\systems.abbas.kz\\vendor\\laravel\\framework\\src\\Illuminate\\Container\\BoundMethod.php(37): Illuminate\\Container\\BoundMethod::callBoundMethod()
#11 D:\\OpenServer\\domains\\systems.abbas.kz\\vendor\\laravel\\framework\\src\\Illuminate\\Container\\Container.php(611): Illuminate\\Container\\BoundMethod::call()
#12 D:\\OpenServer\\domains\\systems.abbas.kz\\vendor\\laravel\\framework\\src\\Illuminate\\Database\\Seeder.php(149): Illuminate\\Container\\Container->call()
#13 D:\\OpenServer\\domains\\systems.abbas.kz\\vendor\\laravel\\framework\\src\\Illuminate\\Database\\Seeder.php(49): Illuminate\\Database\\Seeder->__invoke()
#14 D:\\OpenServer\\domains\\systems.abbas.kz\\database\\seeders\\DatabaseSeeder.php(18): Illuminate\\Database\\Seeder->call()
#15 D:\\OpenServer\\domains\\systems.abbas.kz\\vendor\\laravel\\framework\\src\\Illuminate\\Container\\BoundMethod.php(36): Database\\Seeders\\DatabaseSeeder->run()
#16 D:\\OpenServer\\domains\\systems.abbas.kz\\vendor\\laravel\\framework\\src\\Illuminate\\Container\\Util.php(40): Illuminate\\Container\\BoundMethod::Illuminate\\Container\\{closure}()
#17 D:\\OpenServer\\domains\\systems.abbas.kz\\vendor\\laravel\\framework\\src\\Illuminate\\Container\\BoundMethod.php(93): Illuminate\\Container\\Util::unwrapIfClosure()
#18 D:\\OpenServer\\domains\\systems.abbas.kz\\vendor\\laravel\\framework\\src\\Illuminate\\Container\\BoundMethod.php(37): Illuminate\\Container\\BoundMethod::callBoundMethod()
#19 D:\\OpenServer\\domains\\systems.abbas.kz\\vendor\\laravel\\framework\\src\\Illuminate\\Container\\Container.php(611): Illuminate\\Container\\BoundMethod::call()
#20 D:\\OpenServer\\domains\\systems.abbas.kz\\vendor\\laravel\\framework\\src\\Illuminate\\Database\\Seeder.php(149): Illuminate\\Container\\Container->call()
#21 D:\\OpenServer\\domains\\systems.abbas.kz\\vendor\\laravel\\framework\\src\\Illuminate\\Database\\Console\\Seeds\\SeedCommand.php(66): Illuminate\\Database\\Seeder->__invoke()
#22 D:\\OpenServer\\domains\\systems.abbas.kz\\vendor\\laravel\\framework\\src\\Illuminate\\Database\\Eloquent\\Concerns\\GuardsAttributes.php(157): Illuminate\\Database\\Console\\Seeds\\SeedCommand->Illuminate\\Database\\Console\\Seeds\\{closure}()
#23 D:\\OpenServer\\domains\\systems.abbas.kz\\vendor\\laravel\\framework\\src\\Illuminate\\Database\\Console\\Seeds\\SeedCommand.php(67): Illuminate\\Database\\Eloquent\\Model::unguarded()
#24 D:\\OpenServer\\domains\\systems.abbas.kz\\vendor\\laravel\\framework\\src\\Illuminate\\Container\\BoundMethod.php(36): Illuminate\\Database\\Console\\Seeds\\SeedCommand->handle()
#25 D:\\OpenServer\\domains\\systems.abbas.kz\\vendor\\laravel\\framework\\src\\Illuminate\\Container\\Util.php(40): Illuminate\\Container\\BoundMethod::Illuminate\\Container\\{closure}()
#26 D:\\OpenServer\\domains\\systems.abbas.kz\\vendor\\laravel\\framework\\src\\Illuminate\\Container\\BoundMethod.php(93): Illuminate\\Container\\Util::unwrapIfClosure()
#27 D:\\OpenServer\\domains\\systems.abbas.kz\\vendor\\laravel\\framework\\src\\Illuminate\\Container\\BoundMethod.php(37): Illuminate\\Container\\BoundMethod::callBoundMethod()
#28 D:\\OpenServer\\domains\\systems.abbas.kz\\vendor\\laravel\\framework\\src\\Illuminate\\Container\\Container.php(611): Illuminate\\Container\\BoundMethod::call()
#29 D:\\OpenServer\\domains\\systems.abbas.kz\\vendor\\laravel\\framework\\src\\Illuminate\\Console\\Command.php(136): Illuminate\\Container\\Container->call()
#30 D:\\OpenServer\\domains\\systems.abbas.kz\\vendor\\symfony\\console\\Command\\Command.php(256): Illuminate\\Console\\Command->execute()
#31 D:\\OpenServer\\domains\\systems.abbas.kz\\vendor\\laravel\\framework\\src\\Illuminate\\Console\\Command.php(121): Symfony\\Component\\Console\\Command\\Command->run()
#32 D:\\OpenServer\\domains\\systems.abbas.kz\\vendor\\laravel\\framework\\src\\Illuminate\\Console\\Concerns\\CallsCommands.php(68): Illuminate\\Console\\Command->run()
#33 D:\\OpenServer\\domains\\systems.abbas.kz\\vendor\\laravel\\framework\\src\\Illuminate\\Console\\Concerns\\CallsCommands.php(28): Illuminate\\Console\\Command->runCommand()
#34 D:\\OpenServer\\domains\\systems.abbas.kz\\vendor\\laravel\\framework\\src\\Illuminate\\Database\\Console\\Migrations\\RefreshCommand.php(136): Illuminate\\Console\\Command->call()
#35 D:\\OpenServer\\domains\\systems.abbas.kz\\vendor\\laravel\\framework\\src\\Illuminate\\Database\\Console\\Migrations\\RefreshCommand.php(75): Illuminate\\Database\\Console\\Migrations\\RefreshCommand->runSeeder()
#36 D:\\OpenServer\\domains\\systems.abbas.kz\\vendor\\laravel\\framework\\src\\Illuminate\\Container\\BoundMethod.php(36): Illuminate\\Database\\Console\\Migrations\\RefreshCommand->handle()
#37 D:\\OpenServer\\domains\\systems.abbas.kz\\vendor\\laravel\\framework\\src\\Illuminate\\Container\\Util.php(40): Illuminate\\Container\\BoundMethod::Illuminate\\Container\\{closure}()
#38 D:\\OpenServer\\domains\\systems.abbas.kz\\vendor\\laravel\\framework\\src\\Illuminate\\Container\\BoundMethod.php(93): Illuminate\\Container\\Util::unwrapIfClosure()
#39 D:\\OpenServer\\domains\\systems.abbas.kz\\vendor\\laravel\\framework\\src\\Illuminate\\Container\\BoundMethod.php(37): Illuminate\\Container\\BoundMethod::callBoundMethod()
#40 D:\\OpenServer\\domains\\systems.abbas.kz\\vendor\\laravel\\framework\\src\\Illuminate\\Container\\Container.php(611): Illuminate\\Container\\BoundMethod::call()
#41 D:\\OpenServer\\domains\\systems.abbas.kz\\vendor\\laravel\\framework\\src\\Illuminate\\Console\\Command.php(136): Illuminate\\Container\\Container->call()
#42 D:\\OpenServer\\domains\\systems.abbas.kz\\vendor\\symfony\\console\\Command\\Command.php(256): Illuminate\\Console\\Command->execute()
#43 D:\\OpenServer\\domains\\systems.abbas.kz\\vendor\\laravel\\framework\\src\\Illuminate\\Console\\Command.php(121): Symfony\\Component\\Console\\Command\\Command->run()
#44 D:\\OpenServer\\domains\\systems.abbas.kz\\vendor\\symfony\\console\\Application.php(971): Illuminate\\Console\\Command->run()
#45 D:\\OpenServer\\domains\\systems.abbas.kz\\vendor\\symfony\\console\\Application.php(290): Symfony\\Component\\Console\\Application->doRunCommand()
#46 D:\\OpenServer\\domains\\systems.abbas.kz\\vendor\\symfony\\console\\Application.php(166): Symfony\\Component\\Console\\Application->doRun()
#47 D:\\OpenServer\\domains\\systems.abbas.kz\\vendor\\laravel\\framework\\src\\Illuminate\\Console\\Application.php(92): Symfony\\Component\\Console\\Application->run()
#48 D:\\OpenServer\\domains\\systems.abbas.kz\\vendor\\laravel\\framework\\src\\Illuminate\\Foundation\\Console\\Kernel.php(129): Illuminate\\Console\\Application->run()
#49 D:\\OpenServer\\domains\\systems.abbas.kz\\artisan(37): Illuminate\\Foundation\\Console\\Kernel->handle()
#50 {main}
"} 
[2021-04-25 19:51:20] local.ERROR: SQLSTATE[42000]: Syntax error or access violation: 1064 You have an error in your SQL syntax; check the manual that corresponds to your MySQL server version for the right syntax to use near 'user_roles' at line 1 (SQL: user_roles) {"exception":"[object] (Illuminate\\Database\\QueryException(code: 42000): SQLSTATE[42000]: Syntax error or access violation: 1064 You have an error in your SQL syntax; check the manual that corresponds to your MySQL server version for the right syntax to use near 'user_roles' at line 1 (SQL: user_roles) at D:\\OpenServer\\domains\\systems.abbas.kz\\vendor\\laravel\\framework\\src\\Illuminate\\Database\\Connection.php:678)
[stacktrace]
#0 D:\\OpenServer\\domains\\systems.abbas.kz\\vendor\\laravel\\framework\\src\\Illuminate\\Database\\Connection.php(638): Illuminate\\Database\\Connection->runQueryCallback()
#1 D:\\OpenServer\\domains\\systems.abbas.kz\\vendor\\laravel\\framework\\src\\Illuminate\\Database\\Connection.php(472): Illuminate\\Database\\Connection->run()
#2 D:\\OpenServer\\domains\\systems.abbas.kz\\vendor\\laravel\\framework\\src\\Illuminate\\Database\\Connection.php(424): Illuminate\\Database\\Connection->statement()
#3 D:\\OpenServer\\domains\\systems.abbas.kz\\vendor\\laravel\\framework\\src\\Illuminate\\Database\\DatabaseManager.php(371): Illuminate\\Database\\Connection->insert()
#4 D:\\OpenServer\\domains\\systems.abbas.kz\\vendor\\laravel\\framework\\src\\Illuminate\\Support\\Facades\\Facade.php(261): Illuminate\\Database\\DatabaseManager->__call()
#5 D:\\OpenServer\\domains\\systems.abbas.kz\\database\\seeders\\UserRolesSeeder.php(25): Illuminate\\Support\\Facades\\Facade::__callStatic()
#6 D:\\OpenServer\\domains\\systems.abbas.kz\\vendor\\laravel\\framework\\src\\Illuminate\\Container\\BoundMethod.php(36): Database\\Seeders\\UserRolesSeeder->run()
#7 D:\\OpenServer\\domains\\systems.abbas.kz\\vendor\\laravel\\framework\\src\\Illuminate\\Container\\Util.php(40): Illuminate\\Container\\BoundMethod::Illuminate\\Container\\{closure}()
#8 D:\\OpenServer\\domains\\systems.abbas.kz\\vendor\\laravel\\framework\\src\\Illuminate\\Container\\BoundMethod.php(93): Illuminate\\Container\\Util::unwrapIfClosure()
#9 D:\\OpenServer\\domains\\systems.abbas.kz\\vendor\\laravel\\framework\\src\\Illuminate\\Container\\BoundMethod.php(37): Illuminate\\Container\\BoundMethod::callBoundMethod()
#10 D:\\OpenServer\\domains\\systems.abbas.kz\\vendor\\laravel\\framework\\src\\Illuminate\\Container\\Container.php(611): Illuminate\\Container\\BoundMethod::call()
#11 D:\\OpenServer\\domains\\systems.abbas.kz\\vendor\\laravel\\framework\\src\\Illuminate\\Database\\Seeder.php(149): Illuminate\\Container\\Container->call()
#12 D:\\OpenServer\\domains\\systems.abbas.kz\\vendor\\laravel\\framework\\src\\Illuminate\\Database\\Seeder.php(49): Illuminate\\Database\\Seeder->__invoke()
#13 D:\\OpenServer\\domains\\systems.abbas.kz\\database\\seeders\\DatabaseSeeder.php(20): Illuminate\\Database\\Seeder->call()
#14 D:\\OpenServer\\domains\\systems.abbas.kz\\vendor\\laravel\\framework\\src\\Illuminate\\Container\\BoundMethod.php(36): Database\\Seeders\\DatabaseSeeder->run()
#15 D:\\OpenServer\\domains\\systems.abbas.kz\\vendor\\laravel\\framework\\src\\Illuminate\\Container\\Util.php(40): Illuminate\\Container\\BoundMethod::Illuminate\\Container\\{closure}()
#16 D:\\OpenServer\\domains\\systems.abbas.kz\\vendor\\laravel\\framework\\src\\Illuminate\\Container\\BoundMethod.php(93): Illuminate\\Container\\Util::unwrapIfClosure()
#17 D:\\OpenServer\\domains\\systems.abbas.kz\\vendor\\laravel\\framework\\src\\Illuminate\\Container\\BoundMethod.php(37): Illuminate\\Container\\BoundMethod::callBoundMethod()
#18 D:\\OpenServer\\domains\\systems.abbas.kz\\vendor\\laravel\\framework\\src\\Illuminate\\Container\\Container.php(611): Illuminate\\Container\\BoundMethod::call()
#19 D:\\OpenServer\\domains\\systems.abbas.kz\\vendor\\laravel\\framework\\src\\Illuminate\\Database\\Seeder.php(149): Illuminate\\Container\\Container->call()
#20 D:\\OpenServer\\domains\\systems.abbas.kz\\vendor\\laravel\\framework\\src\\Illuminate\\Database\\Console\\Seeds\\SeedCommand.php(66): Illuminate\\Database\\Seeder->__invoke()
#21 D:\\OpenServer\\domains\\systems.abbas.kz\\vendor\\laravel\\framework\\src\\Illuminate\\Database\\Eloquent\\Concerns\\GuardsAttributes.php(157): Illuminate\\Database\\Console\\Seeds\\SeedCommand->Illuminate\\Database\\Console\\Seeds\\{closure}()
#22 D:\\OpenServer\\domains\\systems.abbas.kz\\vendor\\laravel\\framework\\src\\Illuminate\\Database\\Console\\Seeds\\SeedCommand.php(67): Illuminate\\Database\\Eloquent\\Model::unguarded()
#23 D:\\OpenServer\\domains\\systems.abbas.kz\\vendor\\laravel\\framework\\src\\Illuminate\\Container\\BoundMethod.php(36): Illuminate\\Database\\Console\\Seeds\\SeedCommand->handle()
#24 D:\\OpenServer\\domains\\systems.abbas.kz\\vendor\\laravel\\framework\\src\\Illuminate\\Container\\Util.php(40): Illuminate\\Container\\BoundMethod::Illuminate\\Container\\{closure}()
#25 D:\\OpenServer\\domains\\systems.abbas.kz\\vendor\\laravel\\framework\\src\\Illuminate\\Container\\BoundMethod.php(93): Illuminate\\Container\\Util::unwrapIfClosure()
#26 D:\\OpenServer\\domains\\systems.abbas.kz\\vendor\\laravel\\framework\\src\\Illuminate\\Container\\BoundMethod.php(37): Illuminate\\Container\\BoundMethod::callBoundMethod()
#27 D:\\OpenServer\\domains\\systems.abbas.kz\\vendor\\laravel\\framework\\src\\Illuminate\\Container\\Container.php(611): Illuminate\\Container\\BoundMethod::call()
#28 D:\\OpenServer\\domains\\systems.abbas.kz\\vendor\\laravel\\framework\\src\\Illuminate\\Console\\Command.php(136): Illuminate\\Container\\Container->call()
#29 D:\\OpenServer\\domains\\systems.abbas.kz\\vendor\\symfony\\console\\Command\\Command.php(256): Illuminate\\Console\\Command->execute()
#30 D:\\OpenServer\\domains\\systems.abbas.kz\\vendor\\laravel\\framework\\src\\Illuminate\\Console\\Command.php(121): Symfony\\Component\\Console\\Command\\Command->run()
#31 D:\\OpenServer\\domains\\systems.abbas.kz\\vendor\\laravel\\framework\\src\\Illuminate\\Console\\Concerns\\CallsCommands.php(68): Illuminate\\Console\\Command->run()
#32 D:\\OpenServer\\domains\\systems.abbas.kz\\vendor\\laravel\\framework\\src\\Illuminate\\Console\\Concerns\\CallsCommands.php(28): Illuminate\\Console\\Command->runCommand()
#33 D:\\OpenServer\\domains\\systems.abbas.kz\\vendor\\laravel\\framework\\src\\Illuminate\\Database\\Console\\Migrations\\RefreshCommand.php(136): Illuminate\\Console\\Command->call()
#34 D:\\OpenServer\\domains\\systems.abbas.kz\\vendor\\laravel\\framework\\src\\Illuminate\\Database\\Console\\Migrations\\RefreshCommand.php(75): Illuminate\\Database\\Console\\Migrations\\RefreshCommand->runSeeder()
#35 D:\\OpenServer\\domains\\systems.abbas.kz\\vendor\\laravel\\framework\\src\\Illuminate\\Container\\BoundMethod.php(36): Illuminate\\Database\\Console\\Migrations\\RefreshCommand->handle()
#36 D:\\OpenServer\\domains\\systems.abbas.kz\\vendor\\laravel\\framework\\src\\Illuminate\\Container\\Util.php(40): Illuminate\\Container\\BoundMethod::Illuminate\\Container\\{closure}()
#37 D:\\OpenServer\\domains\\systems.abbas.kz\\vendor\\laravel\\framework\\src\\Illuminate\\Container\\BoundMethod.php(93): Illuminate\\Container\\Util::unwrapIfClosure()
#38 D:\\OpenServer\\domains\\systems.abbas.kz\\vendor\\laravel\\framework\\src\\Illuminate\\Container\\BoundMethod.php(37): Illuminate\\Container\\BoundMethod::callBoundMethod()
#39 D:\\OpenServer\\domains\\systems.abbas.kz\\vendor\\laravel\\framework\\src\\Illuminate\\Container\\Container.php(611): Illuminate\\Container\\BoundMethod::call()
#40 D:\\OpenServer\\domains\\systems.abbas.kz\\vendor\\laravel\\framework\\src\\Illuminate\\Console\\Command.php(136): Illuminate\\Container\\Container->call()
#41 D:\\OpenServer\\domains\\systems.abbas.kz\\vendor\\symfony\\console\\Command\\Command.php(256): Illuminate\\Console\\Command->execute()
#42 D:\\OpenServer\\domains\\systems.abbas.kz\\vendor\\laravel\\framework\\src\\Illuminate\\Console\\Command.php(121): Symfony\\Component\\Console\\Command\\Command->run()
#43 D:\\OpenServer\\domains\\systems.abbas.kz\\vendor\\symfony\\console\\Application.php(971): Illuminate\\Console\\Command->run()
#44 D:\\OpenServer\\domains\\systems.abbas.kz\\vendor\\symfony\\console\\Application.php(290): Symfony\\Component\\Console\\Application->doRunCommand()
#45 D:\\OpenServer\\domains\\systems.abbas.kz\\vendor\\symfony\\console\\Application.php(166): Symfony\\Component\\Console\\Application->doRun()
#46 D:\\OpenServer\\domains\\systems.abbas.kz\\vendor\\laravel\\framework\\src\\Illuminate\\Console\\Application.php(92): Symfony\\Component\\Console\\Application->run()
#47 D:\\OpenServer\\domains\\systems.abbas.kz\\vendor\\laravel\\framework\\src\\Illuminate\\Foundation\\Console\\Kernel.php(129): Illuminate\\Console\\Application->run()
#48 D:\\OpenServer\\domains\\systems.abbas.kz\\artisan(37): Illuminate\\Foundation\\Console\\Kernel->handle()
#49 {main}

[previous exception] [object] (PDOException(code: 42000): SQLSTATE[42000]: Syntax error or access violation: 1064 You have an error in your SQL syntax; check the manual that corresponds to your MySQL server version for the right syntax to use near 'user_roles' at line 1 at D:\\OpenServer\\domains\\systems.abbas.kz\\vendor\\laravel\\framework\\src\\Illuminate\\Database\\Connection.php:465)
[stacktrace]
#0 D:\\OpenServer\\domains\\systems.abbas.kz\\vendor\\laravel\\framework\\src\\Illuminate\\Database\\Connection.php(465): PDO->prepare()
#1 D:\\OpenServer\\domains\\systems.abbas.kz\\vendor\\laravel\\framework\\src\\Illuminate\\Database\\Connection.php(671): Illuminate\\Database\\Connection->Illuminate\\Database\\{closure}()
#2 D:\\OpenServer\\domains\\systems.abbas.kz\\vendor\\laravel\\framework\\src\\Illuminate\\Database\\Connection.php(638): Illuminate\\Database\\Connection->runQueryCallback()
#3 D:\\OpenServer\\domains\\systems.abbas.kz\\vendor\\laravel\\framework\\src\\Illuminate\\Database\\Connection.php(472): Illuminate\\Database\\Connection->run()
#4 D:\\OpenServer\\domains\\systems.abbas.kz\\vendor\\laravel\\framework\\src\\Illuminate\\Database\\Connection.php(424): Illuminate\\Database\\Connection->statement()
#5 D:\\OpenServer\\domains\\systems.abbas.kz\\vendor\\laravel\\framework\\src\\Illuminate\\Database\\DatabaseManager.php(371): Illuminate\\Database\\Connection->insert()
#6 D:\\OpenServer\\domains\\systems.abbas.kz\\vendor\\laravel\\framework\\src\\Illuminate\\Support\\Facades\\Facade.php(261): Illuminate\\Database\\DatabaseManager->__call()
#7 D:\\OpenServer\\domains\\systems.abbas.kz\\database\\seeders\\UserRolesSeeder.php(25): Illuminate\\Support\\Facades\\Facade::__callStatic()
#8 D:\\OpenServer\\domains\\systems.abbas.kz\\vendor\\laravel\\framework\\src\\Illuminate\\Container\\BoundMethod.php(36): Database\\Seeders\\UserRolesSeeder->run()
#9 D:\\OpenServer\\domains\\systems.abbas.kz\\vendor\\laravel\\framework\\src\\Illuminate\\Container\\Util.php(40): Illuminate\\Container\\BoundMethod::Illuminate\\Container\\{closure}()
#10 D:\\OpenServer\\domains\\systems.abbas.kz\\vendor\\laravel\\framework\\src\\Illuminate\\Container\\BoundMethod.php(93): Illuminate\\Container\\Util::unwrapIfClosure()
#11 D:\\OpenServer\\domains\\systems.abbas.kz\\vendor\\laravel\\framework\\src\\Illuminate\\Container\\BoundMethod.php(37): Illuminate\\Container\\BoundMethod::callBoundMethod()
#12 D:\\OpenServer\\domains\\systems.abbas.kz\\vendor\\laravel\\framework\\src\\Illuminate\\Container\\Container.php(611): Illuminate\\Container\\BoundMethod::call()
#13 D:\\OpenServer\\domains\\systems.abbas.kz\\vendor\\laravel\\framework\\src\\Illuminate\\Database\\Seeder.php(149): Illuminate\\Container\\Container->call()
#14 D:\\OpenServer\\domains\\systems.abbas.kz\\vendor\\laravel\\framework\\src\\Illuminate\\Database\\Seeder.php(49): Illuminate\\Database\\Seeder->__invoke()
#15 D:\\OpenServer\\domains\\systems.abbas.kz\\database\\seeders\\DatabaseSeeder.php(20): Illuminate\\Database\\Seeder->call()
#16 D:\\OpenServer\\domains\\systems.abbas.kz\\vendor\\laravel\\framework\\src\\Illuminate\\Container\\BoundMethod.php(36): Database\\Seeders\\DatabaseSeeder->run()
#17 D:\\OpenServer\\domains\\systems.abbas.kz\\vendor\\laravel\\framework\\src\\Illuminate\\Container\\Util.php(40): Illuminate\\Container\\BoundMethod::Illuminate\\Container\\{closure}()
#18 D:\\OpenServer\\domains\\systems.abbas.kz\\vendor\\laravel\\framework\\src\\Illuminate\\Container\\BoundMethod.php(93): Illuminate\\Container\\Util::unwrapIfClosure()
#19 D:\\OpenServer\\domains\\systems.abbas.kz\\vendor\\laravel\\framework\\src\\Illuminate\\Container\\BoundMethod.php(37): Illuminate\\Container\\BoundMethod::callBoundMethod()
#20 D:\\OpenServer\\domains\\systems.abbas.kz\\vendor\\laravel\\framework\\src\\Illuminate\\Container\\Container.php(611): Illuminate\\Container\\BoundMethod::call()
#21 D:\\OpenServer\\domains\\systems.abbas.kz\\vendor\\laravel\\framework\\src\\Illuminate\\Database\\Seeder.php(149): Illuminate\\Container\\Container->call()
#22 D:\\OpenServer\\domains\\systems.abbas.kz\\vendor\\laravel\\framework\\src\\Illuminate\\Database\\Console\\Seeds\\SeedCommand.php(66): Illuminate\\Database\\Seeder->__invoke()
#23 D:\\OpenServer\\domains\\systems.abbas.kz\\vendor\\laravel\\framework\\src\\Illuminate\\Database\\Eloquent\\Concerns\\GuardsAttributes.php(157): Illuminate\\Database\\Console\\Seeds\\SeedCommand->Illuminate\\Database\\Console\\Seeds\\{closure}()
#24 D:\\OpenServer\\domains\\systems.abbas.kz\\vendor\\laravel\\framework\\src\\Illuminate\\Database\\Console\\Seeds\\SeedCommand.php(67): Illuminate\\Database\\Eloquent\\Model::unguarded()
#25 D:\\OpenServer\\domains\\systems.abbas.kz\\vendor\\laravel\\framework\\src\\Illuminate\\Container\\BoundMethod.php(36): Illuminate\\Database\\Console\\Seeds\\SeedCommand->handle()
#26 D:\\OpenServer\\domains\\systems.abbas.kz\\vendor\\laravel\\framework\\src\\Illuminate\\Container\\Util.php(40): Illuminate\\Container\\BoundMethod::Illuminate\\Container\\{closure}()
#27 D:\\OpenServer\\domains\\systems.abbas.kz\\vendor\\laravel\\framework\\src\\Illuminate\\Container\\BoundMethod.php(93): Illuminate\\Container\\Util::unwrapIfClosure()
#28 D:\\OpenServer\\domains\\systems.abbas.kz\\vendor\\laravel\\framework\\src\\Illuminate\\Container\\BoundMethod.php(37): Illuminate\\Container\\BoundMethod::callBoundMethod()
#29 D:\\OpenServer\\domains\\systems.abbas.kz\\vendor\\laravel\\framework\\src\\Illuminate\\Container\\Container.php(611): Illuminate\\Container\\BoundMethod::call()
#30 D:\\OpenServer\\domains\\systems.abbas.kz\\vendor\\laravel\\framework\\src\\Illuminate\\Console\\Command.php(136): Illuminate\\Container\\Container->call()
#31 D:\\OpenServer\\domains\\systems.abbas.kz\\vendor\\symfony\\console\\Command\\Command.php(256): Illuminate\\Console\\Command->execute()
#32 D:\\OpenServer\\domains\\systems.abbas.kz\\vendor\\laravel\\framework\\src\\Illuminate\\Console\\Command.php(121): Symfony\\Component\\Console\\Command\\Command->run()
#33 D:\\OpenServer\\domains\\systems.abbas.kz\\vendor\\laravel\\framework\\src\\Illuminate\\Console\\Concerns\\CallsCommands.php(68): Illuminate\\Console\\Command->run()
#34 D:\\OpenServer\\domains\\systems.abbas.kz\\vendor\\laravel\\framework\\src\\Illuminate\\Console\\Concerns\\CallsCommands.php(28): Illuminate\\Console\\Command->runCommand()
#35 D:\\OpenServer\\domains\\systems.abbas.kz\\vendor\\laravel\\framework\\src\\Illuminate\\Database\\Console\\Migrations\\RefreshCommand.php(136): Illuminate\\Console\\Command->call()
#36 D:\\OpenServer\\domains\\systems.abbas.kz\\vendor\\laravel\\framework\\src\\Illuminate\\Database\\Console\\Migrations\\RefreshCommand.php(75): Illuminate\\Database\\Console\\Migrations\\RefreshCommand->runSeeder()
#37 D:\\OpenServer\\domains\\systems.abbas.kz\\vendor\\laravel\\framework\\src\\Illuminate\\Container\\BoundMethod.php(36): Illuminate\\Database\\Console\\Migrations\\RefreshCommand->handle()
#38 D:\\OpenServer\\domains\\systems.abbas.kz\\vendor\\laravel\\framework\\src\\Illuminate\\Container\\Util.php(40): Illuminate\\Container\\BoundMethod::Illuminate\\Container\\{closure}()
#39 D:\\OpenServer\\domains\\systems.abbas.kz\\vendor\\laravel\\framework\\src\\Illuminate\\Container\\BoundMethod.php(93): Illuminate\\Container\\Util::unwrapIfClosure()
#40 D:\\OpenServer\\domains\\systems.abbas.kz\\vendor\\laravel\\framework\\src\\Illuminate\\Container\\BoundMethod.php(37): Illuminate\\Container\\BoundMethod::callBoundMethod()
#41 D:\\OpenServer\\domains\\systems.abbas.kz\\vendor\\laravel\\framework\\src\\Illuminate\\Container\\Container.php(611): Illuminate\\Container\\BoundMethod::call()
#42 D:\\OpenServer\\domains\\systems.abbas.kz\\vendor\\laravel\\framework\\src\\Illuminate\\Console\\Command.php(136): Illuminate\\Container\\Container->call()
#43 D:\\OpenServer\\domains\\systems.abbas.kz\\vendor\\symfony\\console\\Command\\Command.php(256): Illuminate\\Console\\Command->execute()
#44 D:\\OpenServer\\domains\\systems.abbas.kz\\vendor\\laravel\\framework\\src\\Illuminate\\Console\\Command.php(121): Symfony\\Component\\Console\\Command\\Command->run()
#45 D:\\OpenServer\\domains\\systems.abbas.kz\\vendor\\symfony\\console\\Application.php(971): Illuminate\\Console\\Command->run()
#46 D:\\OpenServer\\domains\\systems.abbas.kz\\vendor\\symfony\\console\\Application.php(290): Symfony\\Component\\Console\\Application->doRunCommand()
#47 D:\\OpenServer\\domains\\systems.abbas.kz\\vendor\\symfony\\console\\Application.php(166): Symfony\\Component\\Console\\Application->doRun()
#48 D:\\OpenServer\\domains\\systems.abbas.kz\\vendor\\laravel\\framework\\src\\Illuminate\\Console\\Application.php(92): Symfony\\Component\\Console\\Application->run()
#49 D:\\OpenServer\\domains\\systems.abbas.kz\\vendor\\laravel\\framework\\src\\Illuminate\\Foundation\\Console\\Kernel.php(129): Illuminate\\Console\\Application->run()
#50 D:\\OpenServer\\domains\\systems.abbas.kz\\artisan(37): Illuminate\\Foundation\\Console\\Kernel->handle()
#51 {main}
"} 
[2021-04-25 19:51:32] local.ERROR: SQLSTATE[42000]: Syntax error or access violation: 1064 You have an error in your SQL syntax; check the manual that corresponds to your MySQL server version for the right syntax to use near 'user_roles' at line 1 (SQL: user_roles) {"exception":"[object] (Illuminate\\Database\\QueryException(code: 42000): SQLSTATE[42000]: Syntax error or access violation: 1064 You have an error in your SQL syntax; check the manual that corresponds to your MySQL server version for the right syntax to use near 'user_roles' at line 1 (SQL: user_roles) at D:\\OpenServer\\domains\\systems.abbas.kz\\vendor\\laravel\\framework\\src\\Illuminate\\Database\\Connection.php:678)
[stacktrace]
#0 D:\\OpenServer\\domains\\systems.abbas.kz\\vendor\\laravel\\framework\\src\\Illuminate\\Database\\Connection.php(638): Illuminate\\Database\\Connection->runQueryCallback()
#1 D:\\OpenServer\\domains\\systems.abbas.kz\\vendor\\laravel\\framework\\src\\Illuminate\\Database\\Connection.php(472): Illuminate\\Database\\Connection->run()
#2 D:\\OpenServer\\domains\\systems.abbas.kz\\vendor\\laravel\\framework\\src\\Illuminate\\Database\\Connection.php(424): Illuminate\\Database\\Connection->statement()
#3 D:\\OpenServer\\domains\\systems.abbas.kz\\vendor\\laravel\\framework\\src\\Illuminate\\Database\\DatabaseManager.php(371): Illuminate\\Database\\Connection->insert()
#4 D:\\OpenServer\\domains\\systems.abbas.kz\\vendor\\laravel\\framework\\src\\Illuminate\\Support\\Facades\\Facade.php(261): Illuminate\\Database\\DatabaseManager->__call()
#5 D:\\OpenServer\\domains\\systems.abbas.kz\\database\\seeders\\UserRolesSeeder.php(25): Illuminate\\Support\\Facades\\Facade::__callStatic()
#6 D:\\OpenServer\\domains\\systems.abbas.kz\\vendor\\laravel\\framework\\src\\Illuminate\\Container\\BoundMethod.php(36): Database\\Seeders\\UserRolesSeeder->run()
#7 D:\\OpenServer\\domains\\systems.abbas.kz\\vendor\\laravel\\framework\\src\\Illuminate\\Container\\Util.php(40): Illuminate\\Container\\BoundMethod::Illuminate\\Container\\{closure}()
#8 D:\\OpenServer\\domains\\systems.abbas.kz\\vendor\\laravel\\framework\\src\\Illuminate\\Container\\BoundMethod.php(93): Illuminate\\Container\\Util::unwrapIfClosure()
#9 D:\\OpenServer\\domains\\systems.abbas.kz\\vendor\\laravel\\framework\\src\\Illuminate\\Container\\BoundMethod.php(37): Illuminate\\Container\\BoundMethod::callBoundMethod()
#10 D:\\OpenServer\\domains\\systems.abbas.kz\\vendor\\laravel\\framework\\src\\Illuminate\\Container\\Container.php(611): Illuminate\\Container\\BoundMethod::call()
#11 D:\\OpenServer\\domains\\systems.abbas.kz\\vendor\\laravel\\framework\\src\\Illuminate\\Database\\Seeder.php(149): Illuminate\\Container\\Container->call()
#12 D:\\OpenServer\\domains\\systems.abbas.kz\\vendor\\laravel\\framework\\src\\Illuminate\\Database\\Seeder.php(49): Illuminate\\Database\\Seeder->__invoke()
#13 D:\\OpenServer\\domains\\systems.abbas.kz\\database\\seeders\\DatabaseSeeder.php(20): Illuminate\\Database\\Seeder->call()
#14 D:\\OpenServer\\domains\\systems.abbas.kz\\vendor\\laravel\\framework\\src\\Illuminate\\Container\\BoundMethod.php(36): Database\\Seeders\\DatabaseSeeder->run()
#15 D:\\OpenServer\\domains\\systems.abbas.kz\\vendor\\laravel\\framework\\src\\Illuminate\\Container\\Util.php(40): Illuminate\\Container\\BoundMethod::Illuminate\\Container\\{closure}()
#16 D:\\OpenServer\\domains\\systems.abbas.kz\\vendor\\laravel\\framework\\src\\Illuminate\\Container\\BoundMethod.php(93): Illuminate\\Container\\Util::unwrapIfClosure()
#17 D:\\OpenServer\\domains\\systems.abbas.kz\\vendor\\laravel\\framework\\src\\Illuminate\\Container\\BoundMethod.php(37): Illuminate\\Container\\BoundMethod::callBoundMethod()
#18 D:\\OpenServer\\domains\\systems.abbas.kz\\vendor\\laravel\\framework\\src\\Illuminate\\Container\\Container.php(611): Illuminate\\Container\\BoundMethod::call()
#19 D:\\OpenServer\\domains\\systems.abbas.kz\\vendor\\laravel\\framework\\src\\Illuminate\\Database\\Seeder.php(149): Illuminate\\Container\\Container->call()
#20 D:\\OpenServer\\domains\\systems.abbas.kz\\vendor\\laravel\\framework\\src\\Illuminate\\Database\\Console\\Seeds\\SeedCommand.php(66): Illuminate\\Database\\Seeder->__invoke()
#21 D:\\OpenServer\\domains\\systems.abbas.kz\\vendor\\laravel\\framework\\src\\Illuminate\\Database\\Eloquent\\Concerns\\GuardsAttributes.php(157): Illuminate\\Database\\Console\\Seeds\\SeedCommand->Illuminate\\Database\\Console\\Seeds\\{closure}()
#22 D:\\OpenServer\\domains\\systems.abbas.kz\\vendor\\laravel\\framework\\src\\Illuminate\\Database\\Console\\Seeds\\SeedCommand.php(67): Illuminate\\Database\\Eloquent\\Model::unguarded()
#23 D:\\OpenServer\\domains\\systems.abbas.kz\\vendor\\laravel\\framework\\src\\Illuminate\\Container\\BoundMethod.php(36): Illuminate\\Database\\Console\\Seeds\\SeedCommand->handle()
#24 D:\\OpenServer\\domains\\systems.abbas.kz\\vendor\\laravel\\framework\\src\\Illuminate\\Container\\Util.php(40): Illuminate\\Container\\BoundMethod::Illuminate\\Container\\{closure}()
#25 D:\\OpenServer\\domains\\systems.abbas.kz\\vendor\\laravel\\framework\\src\\Illuminate\\Container\\BoundMethod.php(93): Illuminate\\Container\\Util::unwrapIfClosure()
#26 D:\\OpenServer\\domains\\systems.abbas.kz\\vendor\\laravel\\framework\\src\\Illuminate\\Container\\BoundMethod.php(37): Illuminate\\Container\\BoundMethod::callBoundMethod()
#27 D:\\OpenServer\\domains\\systems.abbas.kz\\vendor\\laravel\\framework\\src\\Illuminate\\Container\\Container.php(611): Illuminate\\Container\\BoundMethod::call()
#28 D:\\OpenServer\\domains\\systems.abbas.kz\\vendor\\laravel\\framework\\src\\Illuminate\\Console\\Command.php(136): Illuminate\\Container\\Container->call()
#29 D:\\OpenServer\\domains\\systems.abbas.kz\\vendor\\symfony\\console\\Command\\Command.php(256): Illuminate\\Console\\Command->execute()
#30 D:\\OpenServer\\domains\\systems.abbas.kz\\vendor\\laravel\\framework\\src\\Illuminate\\Console\\Command.php(121): Symfony\\Component\\Console\\Command\\Command->run()
#31 D:\\OpenServer\\domains\\systems.abbas.kz\\vendor\\laravel\\framework\\src\\Illuminate\\Console\\Concerns\\CallsCommands.php(68): Illuminate\\Console\\Command->run()
#32 D:\\OpenServer\\domains\\systems.abbas.kz\\vendor\\laravel\\framework\\src\\Illuminate\\Console\\Concerns\\CallsCommands.php(28): Illuminate\\Console\\Command->runCommand()
#33 D:\\OpenServer\\domains\\systems.abbas.kz\\vendor\\laravel\\framework\\src\\Illuminate\\Database\\Console\\Migrations\\RefreshCommand.php(136): Illuminate\\Console\\Command->call()
#34 D:\\OpenServer\\domains\\systems.abbas.kz\\vendor\\laravel\\framework\\src\\Illuminate\\Database\\Console\\Migrations\\RefreshCommand.php(75): Illuminate\\Database\\Console\\Migrations\\RefreshCommand->runSeeder()
#35 D:\\OpenServer\\domains\\systems.abbas.kz\\vendor\\laravel\\framework\\src\\Illuminate\\Container\\BoundMethod.php(36): Illuminate\\Database\\Console\\Migrations\\RefreshCommand->handle()
#36 D:\\OpenServer\\domains\\systems.abbas.kz\\vendor\\laravel\\framework\\src\\Illuminate\\Container\\Util.php(40): Illuminate\\Container\\BoundMethod::Illuminate\\Container\\{closure}()
#37 D:\\OpenServer\\domains\\systems.abbas.kz\\vendor\\laravel\\framework\\src\\Illuminate\\Container\\BoundMethod.php(93): Illuminate\\Container\\Util::unwrapIfClosure()
#38 D:\\OpenServer\\domains\\systems.abbas.kz\\vendor\\laravel\\framework\\src\\Illuminate\\Container\\BoundMethod.php(37): Illuminate\\Container\\BoundMethod::callBoundMethod()
#39 D:\\OpenServer\\domains\\systems.abbas.kz\\vendor\\laravel\\framework\\src\\Illuminate\\Container\\Container.php(611): Illuminate\\Container\\BoundMethod::call()
#40 D:\\OpenServer\\domains\\systems.abbas.kz\\vendor\\laravel\\framework\\src\\Illuminate\\Console\\Command.php(136): Illuminate\\Container\\Container->call()
#41 D:\\OpenServer\\domains\\systems.abbas.kz\\vendor\\symfony\\console\\Command\\Command.php(256): Illuminate\\Console\\Command->execute()
#42 D:\\OpenServer\\domains\\systems.abbas.kz\\vendor\\laravel\\framework\\src\\Illuminate\\Console\\Command.php(121): Symfony\\Component\\Console\\Command\\Command->run()
#43 D:\\OpenServer\\domains\\systems.abbas.kz\\vendor\\symfony\\console\\Application.php(971): Illuminate\\Console\\Command->run()
#44 D:\\OpenServer\\domains\\systems.abbas.kz\\vendor\\symfony\\console\\Application.php(290): Symfony\\Component\\Console\\Application->doRunCommand()
#45 D:\\OpenServer\\domains\\systems.abbas.kz\\vendor\\symfony\\console\\Application.php(166): Symfony\\Component\\Console\\Application->doRun()
#46 D:\\OpenServer\\domains\\systems.abbas.kz\\vendor\\laravel\\framework\\src\\Illuminate\\Console\\Application.php(92): Symfony\\Component\\Console\\Application->run()
#47 D:\\OpenServer\\domains\\systems.abbas.kz\\vendor\\laravel\\framework\\src\\Illuminate\\Foundation\\Console\\Kernel.php(129): Illuminate\\Console\\Application->run()
#48 D:\\OpenServer\\domains\\systems.abbas.kz\\artisan(37): Illuminate\\Foundation\\Console\\Kernel->handle()
#49 {main}

[previous exception] [object] (PDOException(code: 42000): SQLSTATE[42000]: Syntax error or access violation: 1064 You have an error in your SQL syntax; check the manual that corresponds to your MySQL server version for the right syntax to use near 'user_roles' at line 1 at D:\\OpenServer\\domains\\systems.abbas.kz\\vendor\\laravel\\framework\\src\\Illuminate\\Database\\Connection.php:465)
[stacktrace]
#0 D:\\OpenServer\\domains\\systems.abbas.kz\\vendor\\laravel\\framework\\src\\Illuminate\\Database\\Connection.php(465): PDO->prepare()
#1 D:\\OpenServer\\domains\\systems.abbas.kz\\vendor\\laravel\\framework\\src\\Illuminate\\Database\\Connection.php(671): Illuminate\\Database\\Connection->Illuminate\\Database\\{closure}()
#2 D:\\OpenServer\\domains\\systems.abbas.kz\\vendor\\laravel\\framework\\src\\Illuminate\\Database\\Connection.php(638): Illuminate\\Database\\Connection->runQueryCallback()
#3 D:\\OpenServer\\domains\\systems.abbas.kz\\vendor\\laravel\\framework\\src\\Illuminate\\Database\\Connection.php(472): Illuminate\\Database\\Connection->run()
#4 D:\\OpenServer\\domains\\systems.abbas.kz\\vendor\\laravel\\framework\\src\\Illuminate\\Database\\Connection.php(424): Illuminate\\Database\\Connection->statement()
#5 D:\\OpenServer\\domains\\systems.abbas.kz\\vendor\\laravel\\framework\\src\\Illuminate\\Database\\DatabaseManager.php(371): Illuminate\\Database\\Connection->insert()
#6 D:\\OpenServer\\domains\\systems.abbas.kz\\vendor\\laravel\\framework\\src\\Illuminate\\Support\\Facades\\Facade.php(261): Illuminate\\Database\\DatabaseManager->__call()
#7 D:\\OpenServer\\domains\\systems.abbas.kz\\database\\seeders\\UserRolesSeeder.php(25): Illuminate\\Support\\Facades\\Facade::__callStatic()
#8 D:\\OpenServer\\domains\\systems.abbas.kz\\vendor\\laravel\\framework\\src\\Illuminate\\Container\\BoundMethod.php(36): Database\\Seeders\\UserRolesSeeder->run()
#9 D:\\OpenServer\\domains\\systems.abbas.kz\\vendor\\laravel\\framework\\src\\Illuminate\\Container\\Util.php(40): Illuminate\\Container\\BoundMethod::Illuminate\\Container\\{closure}()
#10 D:\\OpenServer\\domains\\systems.abbas.kz\\vendor\\laravel\\framework\\src\\Illuminate\\Container\\BoundMethod.php(93): Illuminate\\Container\\Util::unwrapIfClosure()
#11 D:\\OpenServer\\domains\\systems.abbas.kz\\vendor\\laravel\\framework\\src\\Illuminate\\Container\\BoundMethod.php(37): Illuminate\\Container\\BoundMethod::callBoundMethod()
#12 D:\\OpenServer\\domains\\systems.abbas.kz\\vendor\\laravel\\framework\\src\\Illuminate\\Container\\Container.php(611): Illuminate\\Container\\BoundMethod::call()
#13 D:\\OpenServer\\domains\\systems.abbas.kz\\vendor\\laravel\\framework\\src\\Illuminate\\Database\\Seeder.php(149): Illuminate\\Container\\Container->call()
#14 D:\\OpenServer\\domains\\systems.abbas.kz\\vendor\\laravel\\framework\\src\\Illuminate\\Database\\Seeder.php(49): Illuminate\\Database\\Seeder->__invoke()
#15 D:\\OpenServer\\domains\\systems.abbas.kz\\database\\seeders\\DatabaseSeeder.php(20): Illuminate\\Database\\Seeder->call()
#16 D:\\OpenServer\\domains\\systems.abbas.kz\\vendor\\laravel\\framework\\src\\Illuminate\\Container\\BoundMethod.php(36): Database\\Seeders\\DatabaseSeeder->run()
#17 D:\\OpenServer\\domains\\systems.abbas.kz\\vendor\\laravel\\framework\\src\\Illuminate\\Container\\Util.php(40): Illuminate\\Container\\BoundMethod::Illuminate\\Container\\{closure}()
#18 D:\\OpenServer\\domains\\systems.abbas.kz\\vendor\\laravel\\framework\\src\\Illuminate\\Container\\BoundMethod.php(93): Illuminate\\Container\\Util::unwrapIfClosure()
#19 D:\\OpenServer\\domains\\systems.abbas.kz\\vendor\\laravel\\framework\\src\\Illuminate\\Container\\BoundMethod.php(37): Illuminate\\Container\\BoundMethod::callBoundMethod()
#20 D:\\OpenServer\\domains\\systems.abbas.kz\\vendor\\laravel\\framework\\src\\Illuminate\\Container\\Container.php(611): Illuminate\\Container\\BoundMethod::call()
#21 D:\\OpenServer\\domains\\systems.abbas.kz\\vendor\\laravel\\framework\\src\\Illuminate\\Database\\Seeder.php(149): Illuminate\\Container\\Container->call()
#22 D:\\OpenServer\\domains\\systems.abbas.kz\\vendor\\laravel\\framework\\src\\Illuminate\\Database\\Console\\Seeds\\SeedCommand.php(66): Illuminate\\Database\\Seeder->__invoke()
#23 D:\\OpenServer\\domains\\systems.abbas.kz\\vendor\\laravel\\framework\\src\\Illuminate\\Database\\Eloquent\\Concerns\\GuardsAttributes.php(157): Illuminate\\Database\\Console\\Seeds\\SeedCommand->Illuminate\\Database\\Console\\Seeds\\{closure}()
#24 D:\\OpenServer\\domains\\systems.abbas.kz\\vendor\\laravel\\framework\\src\\Illuminate\\Database\\Console\\Seeds\\SeedCommand.php(67): Illuminate\\Database\\Eloquent\\Model::unguarded()
#25 D:\\OpenServer\\domains\\systems.abbas.kz\\vendor\\laravel\\framework\\src\\Illuminate\\Container\\BoundMethod.php(36): Illuminate\\Database\\Console\\Seeds\\SeedCommand->handle()
#26 D:\\OpenServer\\domains\\systems.abbas.kz\\vendor\\laravel\\framework\\src\\Illuminate\\Container\\Util.php(40): Illuminate\\Container\\BoundMethod::Illuminate\\Container\\{closure}()
#27 D:\\OpenServer\\domains\\systems.abbas.kz\\vendor\\laravel\\framework\\src\\Illuminate\\Container\\BoundMethod.php(93): Illuminate\\Container\\Util::unwrapIfClosure()
#28 D:\\OpenServer\\domains\\systems.abbas.kz\\vendor\\laravel\\framework\\src\\Illuminate\\Container\\BoundMethod.php(37): Illuminate\\Container\\BoundMethod::callBoundMethod()
#29 D:\\OpenServer\\domains\\systems.abbas.kz\\vendor\\laravel\\framework\\src\\Illuminate\\Container\\Container.php(611): Illuminate\\Container\\BoundMethod::call()
#30 D:\\OpenServer\\domains\\systems.abbas.kz\\vendor\\laravel\\framework\\src\\Illuminate\\Console\\Command.php(136): Illuminate\\Container\\Container->call()
#31 D:\\OpenServer\\domains\\systems.abbas.kz\\vendor\\symfony\\console\\Command\\Command.php(256): Illuminate\\Console\\Command->execute()
#32 D:\\OpenServer\\domains\\systems.abbas.kz\\vendor\\laravel\\framework\\src\\Illuminate\\Console\\Command.php(121): Symfony\\Component\\Console\\Command\\Command->run()
#33 D:\\OpenServer\\domains\\systems.abbas.kz\\vendor\\laravel\\framework\\src\\Illuminate\\Console\\Concerns\\CallsCommands.php(68): Illuminate\\Console\\Command->run()
#34 D:\\OpenServer\\domains\\systems.abbas.kz\\vendor\\laravel\\framework\\src\\Illuminate\\Console\\Concerns\\CallsCommands.php(28): Illuminate\\Console\\Command->runCommand()
#35 D:\\OpenServer\\domains\\systems.abbas.kz\\vendor\\laravel\\framework\\src\\Illuminate\\Database\\Console\\Migrations\\RefreshCommand.php(136): Illuminate\\Console\\Command->call()
#36 D:\\OpenServer\\domains\\systems.abbas.kz\\vendor\\laravel\\framework\\src\\Illuminate\\Database\\Console\\Migrations\\RefreshCommand.php(75): Illuminate\\Database\\Console\\Migrations\\RefreshCommand->runSeeder()
#37 D:\\OpenServer\\domains\\systems.abbas.kz\\vendor\\laravel\\framework\\src\\Illuminate\\Container\\BoundMethod.php(36): Illuminate\\Database\\Console\\Migrations\\RefreshCommand->handle()
#38 D:\\OpenServer\\domains\\systems.abbas.kz\\vendor\\laravel\\framework\\src\\Illuminate\\Container\\Util.php(40): Illuminate\\Container\\BoundMethod::Illuminate\\Container\\{closure}()
#39 D:\\OpenServer\\domains\\systems.abbas.kz\\vendor\\laravel\\framework\\src\\Illuminate\\Container\\BoundMethod.php(93): Illuminate\\Container\\Util::unwrapIfClosure()
#40 D:\\OpenServer\\domains\\systems.abbas.kz\\vendor\\laravel\\framework\\src\\Illuminate\\Container\\BoundMethod.php(37): Illuminate\\Container\\BoundMethod::callBoundMethod()
#41 D:\\OpenServer\\domains\\systems.abbas.kz\\vendor\\laravel\\framework\\src\\Illuminate\\Container\\Container.php(611): Illuminate\\Container\\BoundMethod::call()
#42 D:\\OpenServer\\domains\\systems.abbas.kz\\vendor\\laravel\\framework\\src\\Illuminate\\Console\\Command.php(136): Illuminate\\Container\\Container->call()
#43 D:\\OpenServer\\domains\\systems.abbas.kz\\vendor\\symfony\\console\\Command\\Command.php(256): Illuminate\\Console\\Command->execute()
#44 D:\\OpenServer\\domains\\systems.abbas.kz\\vendor\\laravel\\framework\\src\\Illuminate\\Console\\Command.php(121): Symfony\\Component\\Console\\Command\\Command->run()
#45 D:\\OpenServer\\domains\\systems.abbas.kz\\vendor\\symfony\\console\\Application.php(971): Illuminate\\Console\\Command->run()
#46 D:\\OpenServer\\domains\\systems.abbas.kz\\vendor\\symfony\\console\\Application.php(290): Symfony\\Component\\Console\\Application->doRunCommand()
#47 D:\\OpenServer\\domains\\systems.abbas.kz\\vendor\\symfony\\console\\Application.php(166): Symfony\\Component\\Console\\Application->doRun()
#48 D:\\OpenServer\\domains\\systems.abbas.kz\\vendor\\laravel\\framework\\src\\Illuminate\\Console\\Application.php(92): Symfony\\Component\\Console\\Application->run()
#49 D:\\OpenServer\\domains\\systems.abbas.kz\\vendor\\laravel\\framework\\src\\Illuminate\\Foundation\\Console\\Kernel.php(129): Illuminate\\Console\\Application->run()
#50 D:\\OpenServer\\domains\\systems.abbas.kz\\artisan(37): Illuminate\\Foundation\\Console\\Kernel->handle()
#51 {main}
"} 
